<?xml version="1.0" encoding="UTF-8"?>
<testsuite xmlns:xsi="http://www.w3.org/2001/XMLSchema-instance" xsi:noNamespaceSchemaLocation="https://maven.apache.org/surefire/maven-surefire-plugin/xsd/surefire-test-report.xsd" name="de.wbs.ziad.My_DB_Manager.ConnectionManagerTest" time="0.199" tests="3" errors="0" skipped="0" failures="0">
  <properties>
[...]
</properties>
  <testcase name="testcreateConnectionMitP" classname="de.wbs.ziad.My_DB_Manager.ConnectionManagerTest" time="0.184"/>
  <testcase name="testDisconnect" classname="de.wbs.ziad.My_DB_Manager.ConnectionManagerTest" time="0.007"/>
  <testcase name="testcreateConnection" classname="de.wbs.ziad.My_DB_Manager.ConnectionManagerTest" time="0.002"/>
</testsuite>